<?xml version="1.0" encoding="UTF-8"?>
<!-- Generated by org.testng.reporters.JUnitReportReporter -->
<testsuite skipped="0" hostname="DESKTOP-J47TJ88" name="com.tests.smoke.Smoke_tko_11" tests="1" failures="0" timestamp="08 июл 2019 05:00:01 GMT" time="50.455" errors="0">
  <testcase name="smoke1" time="50.455" classname="com.tests.smoke.Smoke_tko_11"/>
</testsuite> <!-- com.tests.smoke.Smoke_tko_11 -->
