<?xml version="1.0" encoding="UTF-8"?>
<!-- Generated by org.testng.reporters.JUnitReportReporter -->
<testsuite skipped="0" hostname="DESKTOP-J47TJ88" name="com.tests.smoke.Smoke_tko_5" tests="1" failures="0" timestamp="03 июл 2019 08:00:33 GMT" time="36.101" errors="0">
  <testcase name="smoke1" time="36.101" classname="com.tests.smoke.Smoke_tko_5"/>
</testsuite> <!-- com.tests.smoke.Smoke_tko_5 -->
