<?xml version="1.0" encoding="UTF-8"?>
<!-- Generated by org.testng.reporters.JUnitReportReporter -->
<testsuite skipped="0" hostname="DESKTOP-J47TJ88" name="com.tests.smoke.Smoke_tko_13" tests="1" failures="0" timestamp="09 июл 2019 04:51:25 GMT" time="107.494" errors="0">
  <testcase name="smoke1" time="107.494" classname="com.tests.smoke.Smoke_tko_13"/>
</testsuite> <!-- com.tests.smoke.Smoke_tko_13 -->
