<?xml version="1.0" encoding="UTF-8"?>
<!-- Generated by org.testng.reporters.JUnitReportReporter -->
<testsuite skipped="0" hostname="DESKTOP-J47TJ88" name="com.tests.smoke.Smoke_tko_17" tests="1" failures="0" timestamp="04 июл 2019 05:42:43 GMT" time="25.091" errors="0">
  <testcase name="smoke1" time="25.091" classname="com.tests.smoke.Smoke_tko_17"/>
</testsuite> <!-- com.tests.smoke.Smoke_tko_17 -->
