<?xml version="1.0" encoding="UTF-8"?>
<!-- Generated by org.testng.reporters.JUnitReportReporter -->
<testsuite skipped="0" hostname="DESKTOP-J47TJ88" name="com.tests.smoke.Smoke_tko_2" tests="1" failures="0" timestamp="03 июл 2019 12:36:55 GMT" time="29.115" errors="0">
  <testcase name="smoke1" time="29.115" classname="com.tests.smoke.Smoke_tko_2"/>
</testsuite> <!-- com.tests.smoke.Smoke_tko_2 -->
