<?xml version="1.0" encoding="UTF-8"?>
<!-- Generated by org.testng.reporters.JUnitReportReporter -->
<testsuite skipped="0" hostname="DESKTOP-J47TJ88" name="com.tests.smoke.Smoke_tko_10" tests="1" failures="0" timestamp="05 июл 2019 03:38:56 GMT" time="26.341" errors="0">
  <testcase name="smoke1" time="26.341" classname="com.tests.smoke.Smoke_tko_10"/>
</testsuite> <!-- com.tests.smoke.Smoke_tko_10 -->
